0 info it worked if it ends with ok
1 verbose cli [ 'node', '/usr/local/bin/npm', 'install', '--save', 'replace' ]
2 info using npm@2.11.0
3 info using node@v0.10.36
4 verbose node symlink /usr/local/bin/node
5 verbose install initial load of /Users/miukki/Sites/ef_app/package.json
6 warn package.json ef_app@1.0.0 No repository field.
7 warn package.json ef_app@1.0.0 No license field.
8 verbose installManyTop reading scoped package data from /Users/miukki/Sites/ef_app/node_modules/bower/package.json
9 verbose installManyTop reading scoped package data from /Users/miukki/Sites/ef_app/node_modules/gulp/package.json
10 verbose installManyTop reading scoped package data from /Users/miukki/Sites/ef_app/node_modules/gulp-angular-templatecache/package.json
11 verbose installManyTop reading scoped package data from /Users/miukki/Sites/ef_app/node_modules/gulp-concat/package.json
12 verbose installManyTop reading scoped package data from /Users/miukki/Sites/ef_app/node_modules/gulp-minify-css/package.json
13 verbose installManyTop reading scoped package data from /Users/miukki/Sites/ef_app/node_modules/gulp-rename/package.json
14 verbose installManyTop reading scoped package data from /Users/miukki/Sites/ef_app/node_modules/gulp-sass/package.json
15 verbose installManyTop reading scoped package data from /Users/miukki/Sites/ef_app/node_modules/gulp-util/package.json
16 verbose installManyTop reading scoped package data from /Users/miukki/Sites/ef_app/node_modules/shelljs/package.json
17 info package.json gulp@3.8.11 No license field.
18 info package.json bower@1.4.1 No license field.
19 info package.json gulp-minify-css@0.3.13 No license field.
20 info package.json gulp-concat@2.5.2 No license field.
21 info package.json shelljs@0.3.0 license should be a valid SPDX license expression
22 info package.json gulp-util@2.2.20 No license field.
23 info package.json gulp-rename@1.2.2 No license field.
24 verbose readDependencies loading dependencies from /Users/miukki/Sites/ef_app/package.json
25 silly cache add args [ 'replace', null ]
26 verbose cache add spec replace
27 silly cache add parsed spec { raw: 'replace',
27 silly cache add   scope: null,
27 silly cache add   name: 'replace',
27 silly cache add   rawSpec: '',
27 silly cache add   spec: '*',
27 silly cache add   type: 'range' }
28 silly addNamed replace@*
29 verbose addNamed "*" is a valid semver range for replace
30 silly addNameRange { name: 'replace', range: '*', hasData: false }
31 silly mapToRegistry name replace
32 silly mapToRegistry using default registry
33 silly mapToRegistry registry https://registry.npmjs.org/
34 silly mapToRegistry uri https://registry.npmjs.org/replace
35 verbose addNameRange registry:https://registry.npmjs.org/replace not in flight; fetching
36 verbose request uri https://registry.npmjs.org/replace
37 verbose request no auth needed
38 info attempt registry request try #1 at 15:23:03
39 verbose request id f91cc13d69b6a781
40 http request GET https://registry.npmjs.org/replace
41 http 200 https://registry.npmjs.org/replace
42 silly get cb [ 200,
42 silly get   { server: 'CouchDB/1.5.0 (Erlang OTP/R16B03)',
42 silly get     etag: '"CGE3RYB0TBW1F8Z5VE024S3RP"',
42 silly get     'content-type': 'application/json',
42 silly get     'cache-control': 'max-age=60',
42 silly get     'content-length': '21353',
42 silly get     'accept-ranges': 'bytes',
42 silly get     date: 'Fri, 29 May 2015 07:23:03 GMT',
42 silly get     via: '1.1 varnish',
42 silly get     age: '0',
42 silly get     connection: 'keep-alive',
42 silly get     'x-served-by': 'cache-hkg6822-HKG',
42 silly get     'x-cache': 'MISS',
42 silly get     'x-cache-hits': '0',
42 silly get     'x-timer': 'S1432884183.518683,VS0,VE326',
42 silly get     vary: 'Accept' } ]
43 verbose get saving replace to /Users/miukki/.npm/registry.npmjs.org/replace/.cache.json
44 silly addNameRange number 2 { name: 'replace', range: '*', hasData: true }
45 silly addNameRange versions [ 'replace',
45 silly addNameRange   [ '0.1.0',
45 silly addNameRange     '0.1.1',
45 silly addNameRange     '0.1.3',
45 silly addNameRange     '0.1.4',
45 silly addNameRange     '0.1.6',
45 silly addNameRange     '0.1.7',
45 silly addNameRange     '0.1.8',
45 silly addNameRange     '0.1.9',
45 silly addNameRange     '0.1.10',
45 silly addNameRange     '0.1.11',
45 silly addNameRange     '0.2.0',
45 silly addNameRange     '0.2.1',
45 silly addNameRange     '0.2.2',
45 silly addNameRange     '0.2.3',
45 silly addNameRange     '0.2.4',
45 silly addNameRange     '0.2.5',
45 silly addNameRange     '0.2.6',
45 silly addNameRange     '0.2.7',
45 silly addNameRange     '0.2.8',
45 silly addNameRange     '0.2.9',
45 silly addNameRange     '0.2.10',
45 silly addNameRange     '0.3.0' ] ]
46 silly addNamed replace@0.3.0
47 verbose addNamed "0.3.0" is a plain semver version for replace
48 silly mapToRegistry name replace
49 silly mapToRegistry using default registry
50 silly mapToRegistry registry https://registry.npmjs.org/
51 silly mapToRegistry uri https://registry.npmjs.org/replace
52 verbose addRemoteTarball https://registry.npmjs.org/replace/-/replace-0.3.0.tgz not in flight; adding
53 verbose addRemoteTarball [ 'https://registry.npmjs.org/replace/-/replace-0.3.0.tgz',
53 verbose addRemoteTarball   '60081721188658595ab6a794eb7fedcb4c8d39c7' ]
54 info retry fetch attempt 1 at 15:23:04
55 info attempt registry request try #1 at 15:23:04
56 http fetch GET https://registry.npmjs.org/replace/-/replace-0.3.0.tgz
57 http fetch 200 https://registry.npmjs.org/replace/-/replace-0.3.0.tgz
58 silly fetchAndShaCheck shasum 60081721188658595ab6a794eb7fedcb4c8d39c7
59 verbose addTmpTarball /var/folders/sh/bttln6pd6nv82v9g6l9dvv140000gn/T/npm-94124-203eddde/registry.npmjs.org/replace/-/replace-0.3.0.tgz not in flight; adding
60 verbose addTmpTarball already have metadata; skipping unpack for replace@0.3.0
61 silly cache afterAdd replace@0.3.0
62 verbose afterAdd /Users/miukki/.npm/replace/0.3.0/package/package.json not in flight; writing
63 verbose afterAdd /Users/miukki/.npm/replace/0.3.0/package/package.json written
64 silly install resolved [ { name: 'replace',
64 silly install resolved     description: 'Command line search and replace utility',
64 silly install resolved     license: 'MIT',
64 silly install resolved     version: '0.3.0',
64 silly install resolved     author: { name: 'Heather Arthur', email: 'fayearthur@gmail.com' },
64 silly install resolved     main: 'replace.js',
64 silly install resolved     repository: { type: 'git', url: 'http://github.com/harthur/replace.git' },
64 silly install resolved     scripts: { test: 'tap test' },
64 silly install resolved     dependencies: { nomnom: '1.6.x', colors: '0.5.x', minimatch: '~0.2.9' },
64 silly install resolved     devDependencies: { tape: '~0.2.2' },
64 silly install resolved     bin: { replace: './bin/replace.js', search: './bin/search.js' },
64 silly install resolved     keywords: [ 'sed', 'grep', 'search', 'replace' ],
64 silly install resolved     bugs: { url: 'https://github.com/harthur/replace/issues' },
64 silly install resolved     homepage: 'https://github.com/harthur/replace',
64 silly install resolved     _id: 'replace@0.3.0',
64 silly install resolved     dist:
64 silly install resolved      { shasum: '60081721188658595ab6a794eb7fedcb4c8d39c7',
64 silly install resolved        tarball: 'http://registry.npmjs.org/replace/-/replace-0.3.0.tgz' },
64 silly install resolved     _from: 'replace@*',
64 silly install resolved     _npmVersion: '1.4.3',
64 silly install resolved     _npmUser: { name: 'harth', email: 'fayearthur@gmail.com' },
64 silly install resolved     maintainers: [ [Object] ],
64 silly install resolved     directories: {},
64 silly install resolved     _shasum: '60081721188658595ab6a794eb7fedcb4c8d39c7',
64 silly install resolved     _resolved: 'https://registry.npmjs.org/replace/-/replace-0.3.0.tgz' } ]
65 info install replace@0.3.0 into /Users/miukki/Sites/ef_app
66 info installOne replace@0.3.0
67 verbose installOne of replace to /Users/miukki/Sites/ef_app not in flight; installing
68 verbose lock using /Users/miukki/.npm/_locks/replace-bffc6297367215f5.lock for /Users/miukki/Sites/ef_app/node_modules/replace
69 silly install write writing replace 0.3.0 to /Users/miukki/Sites/ef_app/node_modules/replace
70 verbose unbuild node_modules/replace
71 silly gentlyRm /Users/miukki/Sites/ef_app/node_modules/replace is being purged from base /Users/miukki/Sites/ef_app
72 verbose gentlyRm don't care about contents; nuking /Users/miukki/Sites/ef_app/node_modules/replace
73 verbose tar unpack /Users/miukki/.npm/replace/0.3.0/package.tgz
74 verbose tar unpacking to /Users/miukki/Sites/ef_app/node_modules/replace
75 silly gentlyRm /Users/miukki/Sites/ef_app/node_modules/replace is being purged
76 verbose gentlyRm don't care about contents; nuking /Users/miukki/Sites/ef_app/node_modules/replace
77 silly gunzTarPerm modes [ '755', '644' ]
78 silly gunzTarPerm extractEntry package.json
79 silly gunzTarPerm extractEntry README.md
80 silly gunzTarPerm extractEntry replace.js
81 silly gunzTarPerm extractEntry test.js
82 silly gunzTarPerm extractEntry testfunc.js
83 silly gunzTarPerm extractEntry defaultignore
84 silly gunzTarPerm extractEntry bin/replace.js
85 silly gunzTarPerm extractEntry bin/search.js
86 silly gunzTarPerm extractEntry bin/shared-options.js
87 silly gunzTarPerm extractEntry test/README.md
88 silly gunzTarPerm extractEntry test/paths.js
89 silly gunzTarPerm extractEntry test/sanity.js
90 silly gunzTarPerm extractEntry test/test_files/test_basic.txt
91 silly gunzTarPerm extractEntry test/test_files/test_case.txt
92 silly gunzTarPerm extractEntry test/test_files/test_multiline.txt
93 silly gunzTarPerm extractEntry test/test_files/test_numbers.txt
94 silly gunzTarPerm extractEntry test/test_files/test_paths/sample1.txt
95 silly gunzTarPerm extractEntry test/test_files/test_paths/test.png
96 silly gunzTarPerm extractEntry test/test_files/test_paths/test1.txt
97 silly gunzTarPerm extractEntry test/test_files/test_paths/test2.txt
98 silly gunzTarPerm extractEntry test/test_files/test_preview.txt
99 silly gunzTarPerm extractEntry wwcode.scss
100 silly gunzTarPerm extractEntry test.txt
101 silly gunzTarPerm extractEntry refactor.diff
102 silly gunzTarPerm extractEntry t.diff
103 verbose write writing to /Users/miukki/Sites/ef_app/node_modules/replace/package.json
104 info preinstall replace@0.3.0
105 verbose readDependencies loading dependencies from /Users/miukki/Sites/ef_app/node_modules/replace/package.json
106 silly prepareForInstallMany adding nomnom@1.6.x from replace dependencies
107 silly prepareForInstallMany adding colors@0.5.x from replace dependencies
108 silly prepareForInstallMany adding minimatch@~0.2.9 from replace dependencies
109 verbose readDependencies loading dependencies from /Users/miukki/Sites/ef_app/node_modules/replace/package.json
110 silly cache add args [ 'nomnom@1.6.x', null ]
111 verbose cache add spec nomnom@1.6.x
112 silly cache add args [ 'colors@0.5.x', null ]
113 verbose cache add spec colors@0.5.x
114 silly cache add parsed spec { raw: 'nomnom@1.6.x',
114 silly cache add   scope: null,
114 silly cache add   name: 'nomnom',
114 silly cache add   rawSpec: '1.6.x',
114 silly cache add   spec: '>=1.6.0 <1.7.0',
114 silly cache add   type: 'range' }
115 silly addNamed nomnom@>=1.6.0 <1.7.0
116 verbose addNamed ">=1.6.0 <1.7.0" is a valid semver range for nomnom
117 silly addNameRange { name: 'nomnom', range: '>=1.6.0 <1.7.0', hasData: false }
118 silly mapToRegistry name nomnom
119 silly mapToRegistry using default registry
120 silly mapToRegistry registry https://registry.npmjs.org/
121 silly mapToRegistry uri https://registry.npmjs.org/nomnom
122 verbose addNameRange registry:https://registry.npmjs.org/nomnom not in flight; fetching
123 silly cache add parsed spec { raw: 'colors@0.5.x',
123 silly cache add   scope: null,
123 silly cache add   name: 'colors',
123 silly cache add   rawSpec: '0.5.x',
123 silly cache add   spec: '>=0.5.0 <0.6.0',
123 silly cache add   type: 'range' }
124 silly addNamed colors@>=0.5.0 <0.6.0
125 verbose addNamed ">=0.5.0 <0.6.0" is a valid semver range for colors
126 silly addNameRange { name: 'colors', range: '>=0.5.0 <0.6.0', hasData: false }
127 silly mapToRegistry name colors
128 silly mapToRegistry using default registry
129 silly mapToRegistry registry https://registry.npmjs.org/
130 silly mapToRegistry uri https://registry.npmjs.org/colors
131 verbose addNameRange registry:https://registry.npmjs.org/colors not in flight; fetching
132 silly cache add args [ 'minimatch@~0.2.9', null ]
133 verbose cache add spec minimatch@~0.2.9
134 silly cache add parsed spec { raw: 'minimatch@~0.2.9',
134 silly cache add   scope: null,
134 silly cache add   name: 'minimatch',
134 silly cache add   rawSpec: '~0.2.9',
134 silly cache add   spec: '>=0.2.9 <0.3.0',
134 silly cache add   type: 'range' }
135 silly addNamed minimatch@>=0.2.9 <0.3.0
136 verbose addNamed ">=0.2.9 <0.3.0" is a valid semver range for minimatch
137 silly addNameRange { name: 'minimatch', range: '>=0.2.9 <0.3.0', hasData: false }
138 silly mapToRegistry name minimatch
139 silly mapToRegistry using default registry
140 silly mapToRegistry registry https://registry.npmjs.org/
141 silly mapToRegistry uri https://registry.npmjs.org/minimatch
142 verbose addNameRange registry:https://registry.npmjs.org/minimatch not in flight; fetching
143 verbose request uri https://registry.npmjs.org/nomnom
144 verbose request no auth needed
145 info attempt registry request try #1 at 15:23:06
146 http request GET https://registry.npmjs.org/nomnom
147 verbose request uri https://registry.npmjs.org/colors
148 verbose request no auth needed
149 info attempt registry request try #1 at 15:23:06
150 verbose etag "42YK40VKNWA3VAWNCQAH3E5NZ"
151 http request GET https://registry.npmjs.org/colors
152 verbose request uri https://registry.npmjs.org/minimatch
153 verbose request no auth needed
154 info attempt registry request try #1 at 15:23:06
155 verbose etag "AH31MK4JMKC8MKID8NDI058Y0"
156 http request GET https://registry.npmjs.org/minimatch
157 http 304 https://registry.npmjs.org/colors
158 silly get cb [ 304,
158 silly get   { date: 'Fri, 29 May 2015 07:23:06 GMT',
158 silly get     via: '1.1 varnish',
158 silly get     'cache-control': 'max-age=60',
158 silly get     etag: '"42YK40VKNWA3VAWNCQAH3E5NZ"',
158 silly get     age: '57',
158 silly get     connection: 'keep-alive',
158 silly get     'x-served-by': 'cache-hkg6822-HKG',
158 silly get     'x-cache': 'HIT',
158 silly get     'x-cache-hits': '4',
158 silly get     'x-timer': 'S1432884186.437874,VS0,VE0',
158 silly get     vary: 'Accept' } ]
159 verbose etag https://registry.npmjs.org/colors from cache
160 verbose get saving colors to /Users/miukki/.npm/registry.npmjs.org/colors/.cache.json
161 http 304 https://registry.npmjs.org/minimatch
162 silly get cb [ 304,
162 silly get   { date: 'Fri, 29 May 2015 07:23:06 GMT',
162 silly get     via: '1.1 varnish',
162 silly get     'cache-control': 'max-age=60',
162 silly get     etag: '"AH31MK4JMKC8MKID8NDI058Y0"',
162 silly get     age: '56',
162 silly get     connection: 'keep-alive',
162 silly get     'x-served-by': 'cache-hkg6821-HKG',
162 silly get     'x-cache': 'HIT',
162 silly get     'x-cache-hits': '4',
162 silly get     'x-timer': 'S1432884186.441357,VS0,VE0',
162 silly get     vary: 'Accept' } ]
163 verbose etag https://registry.npmjs.org/minimatch from cache
164 verbose get saving minimatch to /Users/miukki/.npm/registry.npmjs.org/minimatch/.cache.json
165 silly addNameRange number 2 { name: 'colors', range: '>=0.5.0 <0.6.0', hasData: true }
166 silly addNameRange versions [ 'colors',
166 silly addNameRange   [ '0.3.0',
166 silly addNameRange     '0.5.0',
166 silly addNameRange     '0.5.1',
166 silly addNameRange     '0.6.0',
166 silly addNameRange     '0.6.0-1',
166 silly addNameRange     '0.6.1',
166 silly addNameRange     '0.6.2',
166 silly addNameRange     '1.0.0',
166 silly addNameRange     '1.0.1',
166 silly addNameRange     '1.0.2',
166 silly addNameRange     '1.0.3',
166 silly addNameRange     '1.1.0' ] ]
167 silly addNamed colors@0.5.1
168 verbose addNamed "0.5.1" is a plain semver version for colors
169 silly addNameRange number 2 { name: 'minimatch', range: '>=0.2.9 <0.3.0', hasData: true }
170 silly addNameRange versions [ 'minimatch',
170 silly addNameRange   [ '0.0.1',
170 silly addNameRange     '0.0.2',
170 silly addNameRange     '0.0.4',
170 silly addNameRange     '0.0.5',
170 silly addNameRange     '0.1.1',
170 silly addNameRange     '0.1.2',
170 silly addNameRange     '0.1.3',
170 silly addNameRange     '0.1.4',
170 silly addNameRange     '0.1.5',
170 silly addNameRange     '0.2.0',
170 silly addNameRange     '0.2.2',
170 silly addNameRange     '0.2.3',
170 silly addNameRange     '0.2.4',
170 silly addNameRange     '0.2.5',
170 silly addNameRange     '0.2.6',
170 silly addNameRange     '0.2.7',
170 silly addNameRange     '0.2.8',
170 silly addNameRange     '0.2.9',
170 silly addNameRange     '0.2.10',
170 silly addNameRange     '0.2.11',
170 silly addNameRange     '0.2.12',
170 silly addNameRange     '0.2.13',
170 silly addNameRange     '0.2.14',
170 silly addNameRange     '0.3.0',
170 silly addNameRange     '0.4.0',
170 silly addNameRange     '1.0.0',
170 silly addNameRange     '2.0.0',
170 silly addNameRange     '2.0.1',
170 silly addNameRange     '2.0.2',
170 silly addNameRange     '2.0.3',
170 silly addNameRange     '2.0.4',
170 silly addNameRange     '2.0.5',
170 silly addNameRange     '2.0.6',
170 silly addNameRange     '2.0.7',
170 silly addNameRange     '2.0.8' ] ]
171 silly addNamed minimatch@0.2.14
172 verbose addNamed "0.2.14" is a plain semver version for minimatch
173 silly mapToRegistry name colors
174 silly mapToRegistry using default registry
175 silly mapToRegistry registry https://registry.npmjs.org/
176 silly mapToRegistry uri https://registry.npmjs.org/colors
177 verbose addRemoteTarball https://registry.npmjs.org/colors/-/colors-0.5.1.tgz not in flight; adding
178 verbose addRemoteTarball [ 'https://registry.npmjs.org/colors/-/colors-0.5.1.tgz',
178 verbose addRemoteTarball   '7d0023eaeb154e8ee9fce75dcb923d0ed1667774' ]
179 info retry fetch attempt 1 at 15:23:06
180 info attempt registry request try #1 at 15:23:06
181 http fetch GET https://registry.npmjs.org/colors/-/colors-0.5.1.tgz
182 silly cache afterAdd minimatch@0.2.14
183 verbose afterAdd /Users/miukki/.npm/minimatch/0.2.14/package/package.json not in flight; writing
184 verbose afterAdd /Users/miukki/.npm/minimatch/0.2.14/package/package.json written
185 http fetch 200 https://registry.npmjs.org/colors/-/colors-0.5.1.tgz
186 silly fetchAndShaCheck shasum 7d0023eaeb154e8ee9fce75dcb923d0ed1667774
187 verbose addTmpTarball /var/folders/sh/bttln6pd6nv82v9g6l9dvv140000gn/T/npm-94124-203eddde/registry.npmjs.org/colors/-/colors-0.5.1.tgz not in flight; adding
188 verbose addTmpTarball already have metadata; skipping unpack for colors@0.5.1
189 silly cache afterAdd colors@0.5.1
190 verbose afterAdd /Users/miukki/.npm/colors/0.5.1/package/package.json not in flight; writing
191 verbose afterAdd /Users/miukki/.npm/colors/0.5.1/package/package.json written
192 http 200 https://registry.npmjs.org/nomnom
193 silly get cb [ 200,
193 silly get   { server: 'CouchDB/1.5.0 (Erlang OTP/R16B03)',
193 silly get     etag: '"8M0SB0HIRMXK5376JVRQOH1SA"',
193 silly get     'content-type': 'application/json',
193 silly get     'cache-control': 'max-age=60',
193 silly get     'content-length': '29452',
193 silly get     'accept-ranges': 'bytes',
193 silly get     date: 'Fri, 29 May 2015 07:23:07 GMT',
193 silly get     via: '1.1 varnish',
193 silly get     age: '0',
193 silly get     connection: 'keep-alive',
193 silly get     'x-served-by': 'cache-hkg6821-HKG',
193 silly get     'x-cache': 'HIT',
193 silly get     'x-cache-hits': '1',
193 silly get     'x-timer': 'S1432884186.441832,VS0,VE1066',
193 silly get     vary: 'Accept' } ]
194 verbose get saving nomnom to /Users/miukki/.npm/registry.npmjs.org/nomnom/.cache.json
195 silly addNameRange number 2 { name: 'nomnom', range: '>=1.6.0 <1.7.0', hasData: true }
196 silly addNameRange versions [ 'nomnom',
196 silly addNameRange   [ '0.1.2',
196 silly addNameRange     '0.1.3',
196 silly addNameRange     '0.2.0',
196 silly addNameRange     '0.3.0',
196 silly addNameRange     '0.4.0',
196 silly addNameRange     '0.4.1',
196 silly addNameRange     '0.4.2',
196 silly addNameRange     '0.4.3',
196 silly addNameRange     '0.4.4',
196 silly addNameRange     '0.4.6',
196 silly addNameRange     '0.4.8',
196 silly addNameRange     '0.5.0',
196 silly addNameRange     '0.6.0',
196 silly addNameRange     '0.6.1',
196 silly addNameRange     '1.0.0',
196 silly addNameRange     '1.5.0',
196 silly addNameRange     '1.5.1',
196 silly addNameRange     '1.5.2',
196 silly addNameRange     '1.5.3',
196 silly addNameRange     '1.6.0',
196 silly addNameRange     '1.6.1',
196 silly addNameRange     '1.6.2',
196 silly addNameRange     '1.7.0',
196 silly addNameRange     '1.8.0',
196 silly addNameRange     '1.8.1' ] ]
197 silly addNamed nomnom@1.6.2
198 verbose addNamed "1.6.2" is a plain semver version for nomnom
199 silly mapToRegistry name nomnom
200 silly mapToRegistry using default registry
201 silly mapToRegistry registry https://registry.npmjs.org/
202 silly mapToRegistry uri https://registry.npmjs.org/nomnom
203 verbose addRemoteTarball https://registry.npmjs.org/nomnom/-/nomnom-1.6.2.tgz not in flight; adding
204 verbose addRemoteTarball [ 'https://registry.npmjs.org/nomnom/-/nomnom-1.6.2.tgz',
204 verbose addRemoteTarball   '84a66a260174408fc5b77a18f888eccc44fb6971' ]
205 info retry fetch attempt 1 at 15:23:08
206 info attempt registry request try #1 at 15:23:08
207 http fetch GET https://registry.npmjs.org/nomnom/-/nomnom-1.6.2.tgz
208 http fetch 200 https://registry.npmjs.org/nomnom/-/nomnom-1.6.2.tgz
209 silly fetchAndShaCheck shasum 84a66a260174408fc5b77a18f888eccc44fb6971
210 verbose addTmpTarball /var/folders/sh/bttln6pd6nv82v9g6l9dvv140000gn/T/npm-94124-203eddde/registry.npmjs.org/nomnom/-/nomnom-1.6.2.tgz not in flight; adding
211 verbose addTmpTarball already have metadata; skipping unpack for nomnom@1.6.2
212 silly cache afterAdd nomnom@1.6.2
213 verbose afterAdd /Users/miukki/.npm/nomnom/1.6.2/package/package.json not in flight; writing
214 verbose afterAdd /Users/miukki/.npm/nomnom/1.6.2/package/package.json written
215 silly install resolved [ { author:
215 silly install resolved      { name: 'Isaac Z. Schlueter',
215 silly install resolved        email: 'i@izs.me',
215 silly install resolved        url: 'http://blog.izs.me' },
215 silly install resolved     name: 'minimatch',
215 silly install resolved     description: 'a glob matcher in javascript',
215 silly install resolved     version: '0.2.14',
215 silly install resolved     repository: { type: 'git', url: 'git://github.com/isaacs/minimatch.git' },
215 silly install resolved     main: 'minimatch.js',
215 silly install resolved     scripts: { test: 'tap test/*.js' },
215 silly install resolved     engines: { node: '*' },
215 silly install resolved     dependencies: { 'lru-cache': '2', sigmund: '~1.0.0' },
215 silly install resolved     devDependencies: { tap: '' },
215 silly install resolved     license:
215 silly install resolved      { type: 'MIT',
215 silly install resolved        url: 'http://github.com/isaacs/minimatch/raw/master/LICENSE' },
215 silly install resolved     readme: '# minimatch\n\nA minimal matching utility.\n\n[![Build Status](https://secure.travis-ci.org/isaacs/minimatch.png)](http://travis-ci.org/isaacs/minimatch)\n\n\nThis is the matching library used internally by npm.\n\nEventually, it will replace the C binding in node-glob.\n\nIt works by converting glob expressions into JavaScript `RegExp`\nobjects.\n\n## Usage\n\n```javascript\nvar minimatch = require("minimatch")\n\nminimatch("bar.foo", "*.foo") // true!\nminimatch("bar.foo", "*.bar") // false!\nminimatch("bar.foo", "*.+(bar|foo)", { debug: true }) // true, and noisy!\n```\n\n## Features\n\nSupports these glob features:\n\n* Brace Expansion\n* Extended glob matching\n* "Globstar" `**` matching\n\nSee:\n\n* `man sh`\n* `man bash`\n* `man 3 fnmatch`\n* `man 5 gitignore`\n\n## Minimatch Class\n\nCreate a minimatch object by instanting the `minimatch.Minimatch` class.\n\n```javascript\nvar Minimatch = require("minimatch").Minimatch\nvar mm = new Minimatch(pattern, options)\n```\n\n### Properties\n\n* `pattern` The original pattern the minimatch object represents.\n* `options` The options supplied to the constructor.\n* `set` A 2-dimensional array of regexp or string expressions.\n  Each row in the\n  array corresponds to a brace-expanded pattern.  Each item in the row\n  corresponds to a single path-part.  For example, the pattern\n  `{a,b/c}/d` would expand to a set of patterns like:\n\n        [ [ a, d ]\n        , [ b, c, d ] ]\n\n    If a portion of the pattern doesn\'t have any "magic" in it\n    (that is, it\'s something like `"foo"` rather than `fo*o?`), then it\n    will be left as a string rather than converted to a regular\n    expression.\n\n* `regexp` Created by the `makeRe` method.  A single regular expression\n  expressing the entire pattern.  This is useful in cases where you wish\n  to use the pattern somewhat like `fnmatch(3)` with `FNM_PATH` enabled.\n* `negate` True if the pattern is negated.\n* `comment` True if the pattern is a comment.\n* `empty` True if the pattern is `""`.\n\n### Methods\n\n* `makeRe` Generate the `regexp` member if necessary, and return it.\n  Will return `false` if the pattern is invalid.\n* `match(fname)` Return true if the filename matches the pattern, or\n  false otherwise.\n* `matchOne(fileArray, patternArray, partial)` Take a `/`-split\n  filename, and match it against a single row in the `regExpSet`.  This\n  method is mainly for internal use, but is exposed so that it can be\n  used by a glob-walker that needs to avoid excessive filesystem calls.\n\nAll other methods are internal, and will be called as necessary.\n\n## Functions\n\nThe top-level exported function has a `cache` property, which is an LRU\ncache set to store 100 items.  So, calling these methods repeatedly\nwith the same pattern and options will use the same Minimatch object,\nsaving the cost of parsing it multiple times.\n\n### minimatch(path, pattern, options)\n\nMain export.  Tests a path against the pattern using the options.\n\n```javascript\nvar isJS = minimatch(file, "*.js", { matchBase: true })\n```\n\n### minimatch.filter(pattern, options)\n\nReturns a function that tests its\nsupplied argument, suitable for use with `Array.filter`.  Example:\n\n```javascript\nvar javascripts = fileList.filter(minimatch.filter("*.js", {matchBase: true}))\n```\n\n### minimatch.match(list, pattern, options)\n\nMatch against the list of\nfiles, in the style of fnmatch or glob.  If nothing is matched, and\noptions.nonull is set, then return a list containing the pattern itself.\n\n```javascript\nvar javascripts = minimatch.match(fileList, "*.js", {matchBase: true}))\n```\n\n### minimatch.makeRe(pattern, options)\n\nMake a regular expression object from the pattern.\n\n## Options\n\nAll options are `false` by default.\n\n### debug\n\nDump a ton of stuff to stderr.\n\n### nobrace\n\nDo not expand `{a,b}` and `{1..3}` brace sets.\n\n### noglobstar\n\nDisable `**` matching against multiple folder names.\n\n### dot\n\nAllow patterns to match filenames starting with a period, even if\nthe pattern does not explicitly have a period in that spot.\n\nNote that by default, `a/**/b` will **not** match `a/.d/b`, unless `dot`\nis set.\n\n### noext\n\nDisable "extglob" style patterns like `+(a|b)`.\n\n### nocase\n\nPerform a case-insensitive match.\n\n### nonull\n\nWhen a match is not found by `minimatch.match`, return a list containing\nthe pattern itself.  When set, an empty list is returned if there are\nno matches.\n\n### matchBase\n\nIf set, then patterns without slashes will be matched\nagainst the basename of the path if it contains slashes.  For example,\n`a?b` would match the path `/xyz/123/acb`, but not `/xyz/acb/123`.\n\n### nocomment\n\nSuppress the behavior of treating `#` at the start of a pattern as a\ncomment.\n\n### nonegate\n\nSuppress the behavior of treating a leading `!` character as negation.\n\n### flipNegate\n\nReturns from negate expressions the same as if they were not negated.\n(Ie, true on a hit, false on a miss.)\n\n\n## Comparisons to other fnmatch/glob implementations\n\nWhile strict compliance with the existing standards is a worthwhile\ngoal, some discrepancies exist between minimatch and other\nimplementations, and are intentional.\n\nIf the pattern starts with a `!` character, then it is negated.  Set the\n`nonegate` flag to suppress this behavior, and treat leading `!`\ncharacters normally.  This is perhaps relevant if you wish to start the\npattern with a negative extglob pattern like `!(a|B)`.  Multiple `!`\ncharacters at the start of a pattern will negate the pattern multiple\ntimes.\n\nIf a pattern starts with `#`, then it is treated as a comment, and\nwill not match anything.  Use `\\#` to match a literal `#` at the\nstart of a line, or set the `nocomment` flag to suppress this behavior.\n\nThe double-star character `**` is supported by default, unless the\n`noglobstar` flag is set.  This is supported in the manner of bsdglob\nand bash 4.1, where `**` only has special significance if it is the only\nthing in a path part.  That is, `a/**/b` will match `a/x/y/b`, but\n`a/**b` will not.\n\nIf an escaped pattern has no matches, and the `nonull` flag is set,\nthen minimatch.match returns the pattern as-provided, rather than\ninterpreting the character escapes.  For example,\n`minimatch.match([], "\\\\*a\\\\?")` will return `"\\\\*a\\\\?"` rather than\n`"*a?"`.  This is akin to setting the `nullglob` option in bash, except\nthat it does not resolve escaped pattern characters.\n\nIf brace expansion is not disabled, then it is performed before any\nother interpretation of the glob pattern.  Thus, a pattern like\n`+(a|{b),c)}`, which would not be valid in bash or zsh, is expanded\n**first** into the set of `+(a|b)` and `+(a|c)`, and those patterns are\nchecked for validity.  Since those two are valid, matching proceeds.\n',
215 silly install resolved     readmeFilename: 'README.md',
215 silly install resolved     bugs: { url: 'https://github.com/isaacs/minimatch/issues' },
215 silly install resolved     homepage: 'https://github.com/isaacs/minimatch#readme',
215 silly install resolved     _id: 'minimatch@0.2.14',
215 silly install resolved     _shasum: 'c74e780574f63c6f9a090e90efbe6ef53a6a756a',
215 silly install resolved     _resolved: 'https://registry.npmjs.org/minimatch/-/minimatch-0.2.14.tgz',
215 silly install resolved     _from: 'minimatch@>=0.2.9 <0.3.0' },
215 silly install resolved   { name: 'colors',
215 silly install resolved     description: 'get colors in your node.js console like what',
215 silly install resolved     version: '0.5.1',
215 silly install resolved     author: { name: 'Marak Squires' },
215 silly install resolved     repository: { type: 'git', url: 'git://github.com/Marak/colors.js.git' },
215 silly install resolved     engines: { node: '>=0.1.90' },
215 silly install resolved     main: 'colors',
215 silly install resolved     _npmJsonOpts:
215 silly install resolved      { file: '/Users/maraksquires/.npm/colors/0.5.1/package/package.json',
215 silly install resolved        wscript: false,
215 silly install resolved        contributors: false,
215 silly install resolved        serverjs: false },
215 silly install resolved     _id: 'colors@0.5.1',
215 silly install resolved     dependencies: {},
215 silly install resolved     devDependencies: {},
215 silly install resolved     _engineSupported: true,
215 silly install resolved     _npmVersion: '1.0.30',
215 silly install resolved     _nodeVersion: 'v0.4.10',
215 silly install resolved     _defaultsLoaded: true,
215 silly install resolved     dist:
215 silly install resolved      { shasum: '7d0023eaeb154e8ee9fce75dcb923d0ed1667774',
215 silly install resolved        tarball: 'http://registry.npmjs.org/colors/-/colors-0.5.1.tgz' },
215 silly install resolved     maintainers: [ [Object] ],
215 silly install resolved     directories: {},
215 silly install resolved     _shasum: '7d0023eaeb154e8ee9fce75dcb923d0ed1667774',
215 silly install resolved     _resolved: 'https://registry.npmjs.org/colors/-/colors-0.5.1.tgz',
215 silly install resolved     _from: 'colors@>=0.5.0 <0.6.0' },
215 silly install resolved   { name: 'nomnom',
215 silly install resolved     description: 'Option parser with generated usage and commands',
215 silly install resolved     version: '1.6.2',
215 silly install resolved     author: { name: 'Heather Arthur', email: 'fayearthur@gmail.com' },
215 silly install resolved     scripts: { test: './node_modules/.bin/nodeunit test/*.js' },
215 silly install resolved     repository: { type: 'git', url: 'http://github.com/harthur/nomnom.git' },
215 silly install resolved     main: './nomnom',
215 silly install resolved     keywords:
215 silly install resolved      [ 'arguments',
215 silly install resolved        'option parser',
215 silly install resolved        'command line',
215 silly install resolved        'options',
215 silly install resolved        'parser' ],
215 silly install resolved     dependencies: { colors: '0.5.x', underscore: '~1.4.4' },
215 silly install resolved     devDependencies: { nodeunit: '~0.7.4' },
215 silly install resolved     _id: 'nomnom@1.6.2',
215 silly install resolved     dist:
215 silly install resolved      { shasum: '84a66a260174408fc5b77a18f888eccc44fb6971',
215 silly install resolved        tarball: 'http://registry.npmjs.org/nomnom/-/nomnom-1.6.2.tgz' },
215 silly install resolved     _from: 'nomnom@>=1.6.0 <1.7.0',
215 silly install resolved     _npmVersion: '1.2.14',
215 silly install resolved     _npmUser: { name: 'harth', email: 'fayearthur@gmail.com' },
215 silly install resolved     maintainers: [ [Object] ],
215 silly install resolved     directories: {},
215 silly install resolved     _shasum: '84a66a260174408fc5b77a18f888eccc44fb6971',
215 silly install resolved     _resolved: 'https://registry.npmjs.org/nomnom/-/nomnom-1.6.2.tgz' } ]
216 info install minimatch@0.2.14 into /Users/miukki/Sites/ef_app/node_modules/replace
217 info install colors@0.5.1 into /Users/miukki/Sites/ef_app/node_modules/replace
218 info install nomnom@1.6.2 into /Users/miukki/Sites/ef_app/node_modules/replace
219 info installOne minimatch@0.2.14
220 verbose installOne of minimatch to /Users/miukki/Sites/ef_app/node_modules/replace not in flight; installing
221 info installOne colors@0.5.1
222 verbose installOne of colors to /Users/miukki/Sites/ef_app/node_modules/replace not in flight; installing
223 info installOne nomnom@1.6.2
224 verbose installOne of nomnom to /Users/miukki/Sites/ef_app/node_modules/replace not in flight; installing
225 verbose lock using /Users/miukki/.npm/_locks/minimatch-9b6f288fd95b030c.lock for /Users/miukki/Sites/ef_app/node_modules/replace/node_modules/minimatch
226 verbose lock using /Users/miukki/.npm/_locks/nomnom-6be20873fe9eb285.lock for /Users/miukki/Sites/ef_app/node_modules/replace/node_modules/nomnom
227 silly install write writing minimatch 0.2.14 to /Users/miukki/Sites/ef_app/node_modules/replace/node_modules/minimatch
228 silly install write writing nomnom 1.6.2 to /Users/miukki/Sites/ef_app/node_modules/replace/node_modules/nomnom
229 verbose lock using /Users/miukki/.npm/_locks/colors-7d7a303145a7c119.lock for /Users/miukki/Sites/ef_app/node_modules/replace/node_modules/colors
230 silly install write writing colors 0.5.1 to /Users/miukki/Sites/ef_app/node_modules/replace/node_modules/colors
231 verbose unbuild node_modules/replace/node_modules/minimatch
232 verbose unbuild node_modules/replace/node_modules/nomnom
233 verbose unbuild node_modules/replace/node_modules/colors
234 silly gentlyRm /Users/miukki/Sites/ef_app/node_modules/replace/node_modules/minimatch is being purged from base /Users/miukki/Sites/ef_app
235 verbose gentlyRm don't care about contents; nuking /Users/miukki/Sites/ef_app/node_modules/replace/node_modules/minimatch
236 silly gentlyRm /Users/miukki/Sites/ef_app/node_modules/replace/node_modules/nomnom is being purged from base /Users/miukki/Sites/ef_app
237 verbose gentlyRm don't care about contents; nuking /Users/miukki/Sites/ef_app/node_modules/replace/node_modules/nomnom
238 verbose tar unpack /Users/miukki/.npm/minimatch/0.2.14/package.tgz
239 verbose tar unpacking to /Users/miukki/Sites/ef_app/node_modules/replace/node_modules/minimatch
240 silly gentlyRm /Users/miukki/Sites/ef_app/node_modules/replace/node_modules/minimatch is being purged
241 verbose gentlyRm don't care about contents; nuking /Users/miukki/Sites/ef_app/node_modules/replace/node_modules/minimatch
242 silly gentlyRm /Users/miukki/Sites/ef_app/node_modules/replace/node_modules/colors is being purged from base /Users/miukki/Sites/ef_app
243 verbose gentlyRm don't care about contents; nuking /Users/miukki/Sites/ef_app/node_modules/replace/node_modules/colors
244 verbose tar unpack /Users/miukki/.npm/nomnom/1.6.2/package.tgz
245 verbose tar unpacking to /Users/miukki/Sites/ef_app/node_modules/replace/node_modules/nomnom
246 silly gentlyRm /Users/miukki/Sites/ef_app/node_modules/replace/node_modules/nomnom is being purged
247 verbose gentlyRm don't care about contents; nuking /Users/miukki/Sites/ef_app/node_modules/replace/node_modules/nomnom
248 silly gunzTarPerm modes [ '755', '644' ]
249 verbose tar unpack /Users/miukki/.npm/colors/0.5.1/package.tgz
250 verbose tar unpacking to /Users/miukki/Sites/ef_app/node_modules/replace/node_modules/colors
251 silly gentlyRm /Users/miukki/Sites/ef_app/node_modules/replace/node_modules/colors is being purged
252 verbose gentlyRm don't care about contents; nuking /Users/miukki/Sites/ef_app/node_modules/replace/node_modules/colors
253 silly gunzTarPerm modes [ '755', '644' ]
254 silly gunzTarPerm modes [ '755', '644' ]
255 silly gunzTarPerm extractEntry package.json
256 silly gunzTarPerm extractEntry colors.js
257 silly gunzTarPerm extractEntry package.json
258 silly gunzTarPerm extractEntry .npmignore
259 silly gunzTarPerm extractEntry README.md
260 silly gunzTarPerm extractEntry example.html
261 silly gunzTarPerm extractEntry example.js
262 silly gunzTarPerm extractEntry .npmignore
263 silly gunzTarPerm extractEntry README.md
264 silly gunzTarPerm extractEntry LICENSE
265 silly gunzTarPerm extractEntry minimatch.js
266 silly gunzTarPerm extractEntry LICENSE
267 silly gunzTarPerm extractEntry nomnom.js
268 silly gunzTarPerm extractEntry t.diff
269 silly gunzTarPerm extractEntry MIT-LICENSE.txt
270 silly gunzTarPerm extractEntry package.json
271 silly gunzTarPerm extractEntry test/basic.js
272 silly gunzTarPerm extractEntry ReadMe.md
273 silly gunzTarPerm extractEntry test/brace-expand.js
274 silly gunzTarPerm extractEntry test/caching.js
275 silly gunzTarPerm extractEntry test/callback.js
276 silly gunzTarPerm extractEntry test/commands.js
277 silly gunzTarPerm extractEntry test/expected.js
278 silly gunzTarPerm extractEntry test/matching.js
279 silly gunzTarPerm extractEntry test/defaults.js
280 silly gunzTarPerm extractEntry test/extglob-ending-with-state-char.js
281 silly gunzTarPerm extractEntry test/option.js
282 silly gunzTarPerm extractEntry test/usage.js
283 verbose write writing to /Users/miukki/Sites/ef_app/node_modules/replace/node_modules/colors/package.json
284 info preinstall colors@0.5.1
285 silly gunzTarPerm extractEntry test/values.js
286 verbose readDependencies loading dependencies from /Users/miukki/Sites/ef_app/node_modules/replace/node_modules/colors/package.json
287 verbose readDependencies loading dependencies from /Users/miukki/Sites/ef_app/node_modules/replace/node_modules/colors/package.json
288 silly install resolved []
289 verbose about to build /Users/miukki/Sites/ef_app/node_modules/replace/node_modules/colors
290 info build /Users/miukki/Sites/ef_app/node_modules/replace/node_modules/colors
291 info linkStuff colors@0.5.1
292 silly linkStuff colors@0.5.1 has /Users/miukki/Sites/ef_app/node_modules/replace/node_modules as its parent node_modules
293 verbose linkBins colors@0.5.1
294 verbose linkMans colors@0.5.1
295 verbose rebuildBundles colors@0.5.1
296 info install colors@0.5.1
297 info postinstall colors@0.5.1
298 verbose unlock done using /Users/miukki/.npm/_locks/colors-7d7a303145a7c119.lock for /Users/miukki/Sites/ef_app/node_modules/replace/node_modules/colors
299 verbose write writing to /Users/miukki/Sites/ef_app/node_modules/replace/node_modules/nomnom/package.json
300 info preinstall nomnom@1.6.2
301 verbose readDependencies loading dependencies from /Users/miukki/Sites/ef_app/node_modules/replace/node_modules/nomnom/package.json
302 silly prepareForInstallMany adding underscore@~1.4.4 from nomnom dependencies
303 verbose readDependencies loading dependencies from /Users/miukki/Sites/ef_app/node_modules/replace/node_modules/nomnom/package.json
304 verbose write writing to /Users/miukki/Sites/ef_app/node_modules/replace/node_modules/minimatch/package.json
305 silly cache add args [ 'underscore@~1.4.4', null ]
306 verbose cache add spec underscore@~1.4.4
307 silly cache add parsed spec { raw: 'underscore@~1.4.4',
307 silly cache add   scope: null,
307 silly cache add   name: 'underscore',
307 silly cache add   rawSpec: '~1.4.4',
307 silly cache add   spec: '>=1.4.4 <1.5.0',
307 silly cache add   type: 'range' }
308 silly addNamed underscore@>=1.4.4 <1.5.0
309 verbose addNamed ">=1.4.4 <1.5.0" is a valid semver range for underscore
310 silly addNameRange { name: 'underscore', range: '>=1.4.4 <1.5.0', hasData: false }
311 silly mapToRegistry name underscore
312 silly mapToRegistry using default registry
313 silly mapToRegistry registry https://registry.npmjs.org/
314 silly mapToRegistry uri https://registry.npmjs.org/underscore
315 verbose addNameRange registry:https://registry.npmjs.org/underscore not in flight; fetching
316 info preinstall minimatch@0.2.14
317 verbose readDependencies loading dependencies from /Users/miukki/Sites/ef_app/node_modules/replace/node_modules/minimatch/package.json
318 verbose request uri https://registry.npmjs.org/underscore
319 verbose request no auth needed
320 info attempt registry request try #1 at 15:23:09
321 verbose etag "9VVKIYG2LGRG300FPQDDIU79K"
322 http request GET https://registry.npmjs.org/underscore
323 silly prepareForInstallMany adding lru-cache@2 from minimatch dependencies
324 silly prepareForInstallMany adding sigmund@~1.0.0 from minimatch dependencies
325 verbose readDependencies loading dependencies from /Users/miukki/Sites/ef_app/node_modules/replace/node_modules/minimatch/package.json
326 silly cache add args [ 'lru-cache@2', null ]
327 verbose cache add spec lru-cache@2
328 silly cache add args [ 'sigmund@~1.0.0', null ]
329 verbose cache add spec sigmund@~1.0.0
330 silly cache add parsed spec { raw: 'lru-cache@2',
330 silly cache add   scope: null,
330 silly cache add   name: 'lru-cache',
330 silly cache add   rawSpec: '2',
330 silly cache add   spec: '>=2.0.0 <3.0.0',
330 silly cache add   type: 'range' }
331 silly addNamed lru-cache@>=2.0.0 <3.0.0
332 verbose addNamed ">=2.0.0 <3.0.0" is a valid semver range for lru-cache
333 silly addNameRange { name: 'lru-cache', range: '>=2.0.0 <3.0.0', hasData: false }
334 silly mapToRegistry name lru-cache
335 silly mapToRegistry using default registry
336 silly mapToRegistry registry https://registry.npmjs.org/
337 silly mapToRegistry uri https://registry.npmjs.org/lru-cache
338 verbose addNameRange registry:https://registry.npmjs.org/lru-cache not in flight; fetching
339 silly cache add parsed spec { raw: 'sigmund@~1.0.0',
339 silly cache add   scope: null,
339 silly cache add   name: 'sigmund',
339 silly cache add   rawSpec: '~1.0.0',
339 silly cache add   spec: '>=1.0.0 <1.1.0',
339 silly cache add   type: 'range' }
340 silly addNamed sigmund@>=1.0.0 <1.1.0
341 verbose addNamed ">=1.0.0 <1.1.0" is a valid semver range for sigmund
342 silly addNameRange { name: 'sigmund', range: '>=1.0.0 <1.1.0', hasData: false }
343 silly mapToRegistry name sigmund
344 silly mapToRegistry using default registry
345 silly mapToRegistry registry https://registry.npmjs.org/
346 silly mapToRegistry uri https://registry.npmjs.org/sigmund
347 verbose addNameRange registry:https://registry.npmjs.org/sigmund not in flight; fetching
348 verbose request uri https://registry.npmjs.org/lru-cache
349 verbose request no auth needed
350 info attempt registry request try #1 at 15:23:09
351 verbose etag "5V2E5A75HOAGII1BNXIBG8U9I"
352 http request GET https://registry.npmjs.org/lru-cache
353 verbose request uri https://registry.npmjs.org/sigmund
354 verbose request no auth needed
355 info attempt registry request try #1 at 15:23:09
356 verbose etag "1TUX00X8YEKNFED6GGWS214S3"
357 http request GET https://registry.npmjs.org/sigmund
358 http 304 https://registry.npmjs.org/underscore
359 silly get cb [ 304,
359 silly get   { date: 'Fri, 29 May 2015 07:23:09 GMT',
359 silly get     via: '1.1 varnish',
359 silly get     'cache-control': 'max-age=60',
359 silly get     etag: '"9VVKIYG2LGRG300FPQDDIU79K"',
359 silly get     age: '58',
359 silly get     connection: 'keep-alive',
359 silly get     'x-served-by': 'cache-hkg6821-HKG',
359 silly get     'x-cache': 'HIT',
359 silly get     'x-cache-hits': '1',
359 silly get     'x-timer': 'S1432884189.150498,VS0,VE0',
359 silly get     vary: 'Accept' } ]
360 verbose etag https://registry.npmjs.org/underscore from cache
361 verbose get saving underscore to /Users/miukki/.npm/registry.npmjs.org/underscore/.cache.json
362 http 304 https://registry.npmjs.org/sigmund
363 silly get cb [ 304,
363 silly get   { date: 'Fri, 29 May 2015 07:23:09 GMT',
363 silly get     via: '1.1 varnish',
363 silly get     'cache-control': 'max-age=60',
363 silly get     etag: '"1TUX00X8YEKNFED6GGWS214S3"',
363 silly get     age: '53',
363 silly get     connection: 'keep-alive',
363 silly get     'x-served-by': 'cache-hkg6825-HKG',
363 silly get     'x-cache': 'HIT',
363 silly get     'x-cache-hits': '4',
363 silly get     'x-timer': 'S1432884189.152820,VS0,VE0',
363 silly get     vary: 'Accept' } ]
364 verbose etag https://registry.npmjs.org/sigmund from cache
365 verbose get saving sigmund to /Users/miukki/.npm/registry.npmjs.org/sigmund/.cache.json
366 silly addNameRange number 2 { name: 'sigmund', range: '>=1.0.0 <1.1.0', hasData: true }
367 silly addNameRange versions [ 'sigmund', [ '1.0.0', '1.0.1' ] ]
368 silly addNamed sigmund@1.0.1
369 verbose addNamed "1.0.1" is a plain semver version for sigmund
370 silly addNameRange number 2 { name: 'underscore', range: '>=1.4.4 <1.5.0', hasData: true }
371 silly addNameRange versions [ 'underscore',
371 silly addNameRange   [ '1.0.3',
371 silly addNameRange     '1.0.4',
371 silly addNameRange     '1.1.0',
371 silly addNameRange     '1.1.1',
371 silly addNameRange     '1.1.2',
371 silly addNameRange     '1.1.3',
371 silly addNameRange     '1.1.4',
371 silly addNameRange     '1.1.5',
371 silly addNameRange     '1.1.6',
371 silly addNameRange     '1.1.7',
371 silly addNameRange     '1.2.0',
371 silly addNameRange     '1.2.1',
371 silly addNameRange     '1.2.2',
371 silly addNameRange     '1.2.3',
371 silly addNameRange     '1.2.4',
371 silly addNameRange     '1.3.0',
371 silly addNameRange     '1.3.1',
371 silly addNameRange     '1.3.2',
371 silly addNameRange     '1.3.3',
371 silly addNameRange     '1.4.0',
371 silly addNameRange     '1.4.1',
371 silly addNameRange     '1.4.2',
371 silly addNameRange     '1.4.3',
371 silly addNameRange     '1.4.4',
371 silly addNameRange     '1.5.0',
371 silly addNameRange     '1.5.1',
371 silly addNameRange     '1.5.2',
371 silly addNameRange     '1.6.0',
371 silly addNameRange     '1.7.0',
371 silly addNameRange     '1.8.0',
371 silly addNameRange     '1.8.1',
371 silly addNameRange     '1.8.2',
371 silly addNameRange     '1.8.3' ] ]
372 silly addNamed underscore@1.4.4
373 verbose addNamed "1.4.4" is a plain semver version for underscore
374 silly mapToRegistry name underscore
375 silly mapToRegistry using default registry
376 silly mapToRegistry registry https://registry.npmjs.org/
377 silly mapToRegistry uri https://registry.npmjs.org/underscore
378 verbose addRemoteTarball https://registry.npmjs.org/underscore/-/underscore-1.4.4.tgz not in flight; adding
379 verbose addRemoteTarball [ 'https://registry.npmjs.org/underscore/-/underscore-1.4.4.tgz',
379 verbose addRemoteTarball   '61a6a32010622afa07963bf325203cf12239d604' ]
380 silly cache afterAdd sigmund@1.0.1
381 verbose afterAdd /Users/miukki/.npm/sigmund/1.0.1/package/package.json not in flight; writing
382 info retry fetch attempt 1 at 15:23:09
383 info attempt registry request try #1 at 15:23:09
384 http fetch GET https://registry.npmjs.org/underscore/-/underscore-1.4.4.tgz
385 verbose afterAdd /Users/miukki/.npm/sigmund/1.0.1/package/package.json written
386 http fetch 200 https://registry.npmjs.org/underscore/-/underscore-1.4.4.tgz
387 http 304 https://registry.npmjs.org/lru-cache
388 silly get cb [ 304,
388 silly get   { date: 'Fri, 29 May 2015 07:23:09 GMT',
388 silly get     via: '1.1 varnish',
388 silly get     'cache-control': 'max-age=60',
388 silly get     etag: '"5V2E5A75HOAGII1BNXIBG8U9I"',
388 silly get     age: '12',
388 silly get     connection: 'keep-alive',
388 silly get     'x-served-by': 'cache-hkg6824-HKG',
388 silly get     'x-cache': 'HIT',
388 silly get     'x-cache-hits': '2',
388 silly get     'x-timer': 'S1432884189.525667,VS0,VE0',
388 silly get     vary: 'Accept' } ]
389 verbose etag https://registry.npmjs.org/lru-cache from cache
390 verbose get saving lru-cache to /Users/miukki/.npm/registry.npmjs.org/lru-cache/.cache.json
391 silly fetchAndShaCheck shasum 61a6a32010622afa07963bf325203cf12239d604
392 verbose addTmpTarball /var/folders/sh/bttln6pd6nv82v9g6l9dvv140000gn/T/npm-94124-203eddde/registry.npmjs.org/underscore/-/underscore-1.4.4.tgz not in flight; adding
393 verbose addTmpTarball already have metadata; skipping unpack for underscore@1.4.4
394 silly addNameRange number 2 { name: 'lru-cache', range: '>=2.0.0 <3.0.0', hasData: true }
395 silly addNameRange versions [ 'lru-cache',
395 silly addNameRange   [ '1.0.1',
395 silly addNameRange     '1.0.2',
395 silly addNameRange     '1.0.3',
395 silly addNameRange     '1.0.4',
395 silly addNameRange     '1.0.5',
395 silly addNameRange     '1.0.6',
395 silly addNameRange     '1.1.0',
395 silly addNameRange     '1.1.1',
395 silly addNameRange     '2.0.0',
395 silly addNameRange     '2.0.1',
395 silly addNameRange     '2.0.2',
395 silly addNameRange     '2.0.3',
395 silly addNameRange     '2.0.4',
395 silly addNameRange     '2.1.0',
395 silly addNameRange     '2.2.0',
395 silly addNameRange     '2.2.1',
395 silly addNameRange     '2.2.2',
395 silly addNameRange     '2.2.4',
395 silly addNameRange     '2.3.0',
395 silly addNameRange     '2.3.1',
395 silly addNameRange     '2.5.0',
395 silly addNameRange     '2.5.1',
395 silly addNameRange     '2.5.2',
395 silly addNameRange     '2.6.0',
395 silly addNameRange     '2.6.1',
395 silly addNameRange     '2.6.2',
395 silly addNameRange     '2.6.3',
395 silly addNameRange     '2.6.4' ] ]
396 silly addNamed lru-cache@2.6.4
397 verbose addNamed "2.6.4" is a plain semver version for lru-cache
398 silly cache afterAdd underscore@1.4.4
399 verbose afterAdd /Users/miukki/.npm/underscore/1.4.4/package/package.json not in flight; writing
400 silly cache afterAdd lru-cache@2.6.4
401 verbose afterAdd /Users/miukki/.npm/lru-cache/2.6.4/package/package.json not in flight; writing
402 verbose afterAdd /Users/miukki/.npm/underscore/1.4.4/package/package.json written
403 silly install resolved [ { name: 'underscore',
403 silly install resolved     description: 'JavaScript\'s functional programming helper library.',
403 silly install resolved     homepage: 'http://underscorejs.org',
403 silly install resolved     keywords: [ 'util', 'functional', 'server', 'client', 'browser' ],
403 silly install resolved     author: { name: 'Jeremy Ashkenas', email: 'jeremy@documentcloud.org' },
403 silly install resolved     repository:
403 silly install resolved      { type: 'git',
403 silly install resolved        url: 'git://github.com/documentcloud/underscore.git' },
403 silly install resolved     main: 'underscore.js',
403 silly install resolved     version: '1.4.4',
403 silly install resolved     devDependencies: { phantomjs: '0.2.2' },
403 silly install resolved     scripts: { test: 'phantomjs test/vendor/runner.js test/index.html?noglobals=true' },
403 silly install resolved     _id: 'underscore@1.4.4',
403 silly install resolved     dist:
403 silly install resolved      { shasum: '61a6a32010622afa07963bf325203cf12239d604',
403 silly install resolved        tarball: 'http://registry.npmjs.org/underscore/-/underscore-1.4.4.tgz' },
403 silly install resolved     _npmVersion: '1.1.63',
403 silly install resolved     _npmUser: { name: 'jashkenas', email: 'jashkenas@gmail.com' },
403 silly install resolved     maintainers: [ [Object] ],
403 silly install resolved     directories: {},
403 silly install resolved     _shasum: '61a6a32010622afa07963bf325203cf12239d604',
403 silly install resolved     _resolved: 'https://registry.npmjs.org/underscore/-/underscore-1.4.4.tgz',
403 silly install resolved     _from: 'underscore@>=1.4.4 <1.5.0' } ]
404 info install underscore@1.4.4 into /Users/miukki/Sites/ef_app/node_modules/replace/node_modules/nomnom
405 info installOne underscore@1.4.4
406 verbose installOne of underscore to /Users/miukki/Sites/ef_app/node_modules/replace/node_modules/nomnom not in flight; installing
407 verbose afterAdd /Users/miukki/.npm/lru-cache/2.6.4/package/package.json written
408 silly install resolved [ { name: 'sigmund',
408 silly install resolved     version: '1.0.1',
408 silly install resolved     description: 'Quick and dirty signatures for Objects.',
408 silly install resolved     main: 'sigmund.js',
408 silly install resolved     directories: { test: 'test' },
408 silly install resolved     dependencies: {},
408 silly install resolved     devDependencies: { tap: '~0.3.0' },
408 silly install resolved     scripts: { test: 'tap test/*.js', bench: 'node bench.js' },
408 silly install resolved     repository: { type: 'git', url: 'git://github.com/isaacs/sigmund.git' },
408 silly install resolved     keywords: [ 'object', 'signature', 'key', 'data', 'psychoanalysis' ],
408 silly install resolved     author:
408 silly install resolved      { name: 'Isaac Z. Schlueter',
408 silly install resolved        email: 'i@izs.me',
408 silly install resolved        url: 'http://blog.izs.me/' },
408 silly install resolved     license: 'ISC',
408 silly install resolved     readme: '# sigmund\n\nQuick and dirty signatures for Objects.\n\nThis is like a much faster `deepEquals` comparison, which returns a\nstring key suitable for caches and the like.\n\n## Usage\n\n```javascript\nfunction doSomething (someObj) {\n  var key = sigmund(someObj, maxDepth) // max depth defaults to 10\n  var cached = cache.get(key)\n  if (cached) return cached\n\n  var result = expensiveCalculation(someObj)\n  cache.set(key, result)\n  return result\n}\n```\n\nThe resulting key will be as unique and reproducible as calling\n`JSON.stringify` or `util.inspect` on the object, but is much faster.\nIn order to achieve this speed, some differences are glossed over.\nFor example, the object `{0:\'foo\'}` will be treated identically to the\narray `[\'foo\']`.\n\nAlso, just as there is no way to summon the soul from the scribblings\nof a cocaine-addled psychoanalyst, there is no way to revive the object\nfrom the signature string that sigmund gives you.  In fact, it\'s\nbarely even readable.\n\nAs with `util.inspect` and `JSON.stringify`, larger objects will\nproduce larger signature strings.\n\nBecause sigmund is a bit less strict than the more thorough\nalternatives, the strings will be shorter, and also there is a\nslightly higher chance for collisions.  For example, these objects\nhave the same signature:\n\n    var obj1 = {a:\'b\',c:/def/,g:[\'h\',\'i\',{j:\'\',k:\'l\'}]}\n    var obj2 = {a:\'b\',c:\'/def/\',g:[\'h\',\'i\',\'{jkl\']}\n\nLike a good Freudian, sigmund is most effective when you already have\nsome understanding of what you\'re looking for.  It can help you help\nyourself, but you must be willing to do some work as well.\n\nCycles are handled, and cyclical objects are silently omitted (though\nthe key is included in the signature output.)\n\nThe second argument is the maximum depth, which defaults to 10,\nbecause that is the maximum object traversal depth covered by most\ninsurance carriers.\n',
408 silly install resolved     readmeFilename: 'README.md',
408 silly install resolved     bugs: { url: 'https://github.com/isaacs/sigmund/issues' },
408 silly install resolved     homepage: 'https://github.com/isaacs/sigmund#readme',
408 silly install resolved     _id: 'sigmund@1.0.1',
408 silly install resolved     _shasum: '3ff21f198cad2175f9f3b781853fd94d0d19b590',
408 silly install resolved     _resolved: 'https://registry.npmjs.org/sigmund/-/sigmund-1.0.1.tgz',
408 silly install resolved     _from: 'sigmund@>=1.0.0 <1.1.0' },
408 silly install resolved   { name: 'lru-cache',
408 silly install resolved     description: 'A cache object that deletes the least-recently-used items.',
408 silly install resolved     version: '2.6.4',
408 silly install resolved     author: { name: 'Isaac Z. Schlueter', email: 'i@izs.me' },
408 silly install resolved     keywords: [ 'mru', 'lru', 'cache' ],
408 silly install resolved     scripts: { test: 'tap test --gc' },
408 silly install resolved     main: 'lib/lru-cache.js',
408 silly install resolved     repository:
408 silly install resolved      { type: 'git',
408 silly install resolved        url: 'git://github.com/isaacs/node-lru-cache.git' },
408 silly install resolved     devDependencies: { tap: '^0.7.1', weak: '' },
408 silly install resolved     license: 'ISC',
408 silly install resolved     readme: '# lru cache\n\nA cache object that deletes the least-recently-used items.\n\n## Usage:\n\n```javascript\nvar LRU = require("lru-cache")\n  , options = { max: 500\n              , length: function (n) { return n * 2 }\n              , dispose: function (key, n) { n.close() }\n              , maxAge: 1000 * 60 * 60 }\n  , cache = LRU(options)\n  , otherCache = LRU(50) // sets just the max size\n\ncache.set("key", "value")\ncache.get("key") // "value"\n\ncache.reset()    // empty the cache\n```\n\nIf you put more stuff in it, then items will fall out.\n\nIf you try to put an oversized thing in it, then it\'ll fall out right\naway.\n\n## Options\n\n* `max` The maximum size of the cache, checked by applying the length\n  function to all values in the cache.  Not setting this is kind of\n  silly, since that\'s the whole purpose of this lib, but it defaults\n  to `Infinity`.\n* `maxAge` Maximum age in ms.  Items are not pro-actively pruned out\n  as they age, but if you try to get an item that is too old, it\'ll\n  drop it and return undefined instead of giving it to you.\n* `length` Function that is used to calculate the length of stored\n  items.  If you\'re storing strings or buffers, then you probably want\n  to do something like `function(n){return n.length}`.  The default is\n  `function(n){return 1}`, which is fine if you want to store `n`\n  like-sized things.\n* `dispose` Function that is called on items when they are dropped\n  from the cache.  This can be handy if you want to close file\n  descriptors or do other cleanup tasks when items are no longer\n  accessible.  Called with `key, value`.  It\'s called *before*\n  actually removing the item from the internal cache, so if you want\n  to immediately put it back in, you\'ll have to do that in a\n  `nextTick` or `setTimeout` callback or it won\'t do anything.\n* `stale` By default, if you set a `maxAge`, it\'ll only actually pull\n  stale items out of the cache when you `get(key)`.  (That is, it\'s\n  not pre-emptively doing a `setTimeout` or anything.)  If you set\n  `stale:true`, it\'ll return the stale value before deleting it.  If\n  you don\'t set this, then it\'ll return `undefined` when you try to\n  get a stale entry, as if it had already been deleted.\n\n## API\n\n* `set(key, value, max)`\n* `get(key) => value`\n\n    Both of these will update the "recently used"-ness of the key.\n    They do what you think. `max` is optional and overrides the\n    cache `max` option if provided.\n\n* `peek(key)`\n\n    Returns the key value (or `undefined` if not found) without\n    updating the "recently used"-ness of the key.\n\n    (If you find yourself using this a lot, you *might* be using the\n    wrong sort of data structure, but there are some use cases where\n    it\'s handy.)\n\n* `del(key)`\n\n    Deletes a key out of the cache.\n\n* `reset()`\n\n    Clear the cache entirely, throwing away all values.\n\n* `has(key)`\n\n    Check if a key is in the cache, without updating the recent-ness\n    or deleting it for being stale.\n\n* `forEach(function(value,key,cache), [thisp])`\n\n    Just like `Array.prototype.forEach`.  Iterates over all the keys\n    in the cache, in order of recent-ness.  (Ie, more recently used\n    items are iterated over first.)\n\n* `keys()`\n\n    Return an array of the keys in the cache.\n\n* `values()`\n\n    Return an array of the values in the cache.\n\n* `length()`\n\n    Return total length of objects in cache taking into account\n    `length` options function.\n\n* `itemCount()`\n\n    Return total quantity of objects currently in cache. Note, that\n    `stale` (see options) items are returned as part of this item\n    count.\n',
408 silly install resolved     readmeFilename: 'README.md',
408 silly install resolved     bugs: { url: 'https://github.com/isaacs/node-lru-cache/issues' },
408 silly install resolved     homepage: 'https://github.com/isaacs/node-lru-cache#readme',
408 silly install resolved     _id: 'lru-cache@2.6.4',
408 silly install resolved     _shasum: '2675190ccd1b0701ec2f652a4d0d3d400d76c0dd',
408 silly install resolved     _resolved: 'https://registry.npmjs.org/lru-cache/-/lru-cache-2.6.4.tgz',
408 silly install resolved     _from: 'lru-cache@>=2.0.0 <3.0.0' } ]
409 info install sigmund@1.0.1 into /Users/miukki/Sites/ef_app/node_modules/replace/node_modules/minimatch
410 info install lru-cache@2.6.4 into /Users/miukki/Sites/ef_app/node_modules/replace/node_modules/minimatch
411 info installOne sigmund@1.0.1
412 verbose installOne of sigmund to /Users/miukki/Sites/ef_app/node_modules/replace/node_modules/minimatch not in flight; installing
413 info installOne lru-cache@2.6.4
414 verbose installOne of lru-cache to /Users/miukki/Sites/ef_app/node_modules/replace/node_modules/minimatch not in flight; installing
415 verbose lock using /Users/miukki/.npm/_locks/underscore-12cccee74fdebaa5.lock for /Users/miukki/Sites/ef_app/node_modules/replace/node_modules/nomnom/node_modules/underscore
416 verbose lock using /Users/miukki/.npm/_locks/sigmund-c195184450939a90.lock for /Users/miukki/Sites/ef_app/node_modules/replace/node_modules/minimatch/node_modules/sigmund
417 silly install write writing underscore 1.4.4 to /Users/miukki/Sites/ef_app/node_modules/replace/node_modules/nomnom/node_modules/underscore
418 verbose lock using /Users/miukki/.npm/_locks/lru-cache-3432b9b220e1fb69.lock for /Users/miukki/Sites/ef_app/node_modules/replace/node_modules/minimatch/node_modules/lru-cache
419 silly install write writing sigmund 1.0.1 to /Users/miukki/Sites/ef_app/node_modules/replace/node_modules/minimatch/node_modules/sigmund
420 silly install write writing lru-cache 2.6.4 to /Users/miukki/Sites/ef_app/node_modules/replace/node_modules/minimatch/node_modules/lru-cache
421 verbose unbuild node_modules/replace/node_modules/nomnom/node_modules/underscore
422 verbose unbuild node_modules/replace/node_modules/minimatch/node_modules/sigmund
423 verbose unbuild node_modules/replace/node_modules/minimatch/node_modules/lru-cache
424 silly gentlyRm /Users/miukki/Sites/ef_app/node_modules/replace/node_modules/nomnom/node_modules/underscore is being purged from base /Users/miukki/Sites/ef_app
425 verbose gentlyRm don't care about contents; nuking /Users/miukki/Sites/ef_app/node_modules/replace/node_modules/nomnom/node_modules/underscore
426 silly gentlyRm /Users/miukki/Sites/ef_app/node_modules/replace/node_modules/minimatch/node_modules/sigmund is being purged from base /Users/miukki/Sites/ef_app
427 verbose gentlyRm don't care about contents; nuking /Users/miukki/Sites/ef_app/node_modules/replace/node_modules/minimatch/node_modules/sigmund
428 verbose tar unpack /Users/miukki/.npm/underscore/1.4.4/package.tgz
429 verbose tar unpacking to /Users/miukki/Sites/ef_app/node_modules/replace/node_modules/nomnom/node_modules/underscore
430 silly gentlyRm /Users/miukki/Sites/ef_app/node_modules/replace/node_modules/nomnom/node_modules/underscore is being purged
431 verbose gentlyRm don't care about contents; nuking /Users/miukki/Sites/ef_app/node_modules/replace/node_modules/nomnom/node_modules/underscore
432 verbose tar unpack /Users/miukki/.npm/sigmund/1.0.1/package.tgz
433 verbose tar unpacking to /Users/miukki/Sites/ef_app/node_modules/replace/node_modules/minimatch/node_modules/sigmund
434 silly gentlyRm /Users/miukki/Sites/ef_app/node_modules/replace/node_modules/minimatch/node_modules/sigmund is being purged
435 verbose gentlyRm don't care about contents; nuking /Users/miukki/Sites/ef_app/node_modules/replace/node_modules/minimatch/node_modules/sigmund
436 silly gentlyRm /Users/miukki/Sites/ef_app/node_modules/replace/node_modules/minimatch/node_modules/lru-cache is being purged from base /Users/miukki/Sites/ef_app
437 verbose gentlyRm don't care about contents; nuking /Users/miukki/Sites/ef_app/node_modules/replace/node_modules/minimatch/node_modules/lru-cache
438 silly gunzTarPerm modes [ '755', '644' ]
439 silly gunzTarPerm modes [ '755', '644' ]
440 verbose tar unpack /Users/miukki/.npm/lru-cache/2.6.4/package.tgz
441 verbose tar unpacking to /Users/miukki/Sites/ef_app/node_modules/replace/node_modules/minimatch/node_modules/lru-cache
442 silly gentlyRm /Users/miukki/Sites/ef_app/node_modules/replace/node_modules/minimatch/node_modules/lru-cache is being purged
443 verbose gentlyRm don't care about contents; nuking /Users/miukki/Sites/ef_app/node_modules/replace/node_modules/minimatch/node_modules/lru-cache
444 silly gunzTarPerm modes [ '755', '644' ]
445 silly gunzTarPerm extractEntry package.json
446 silly gunzTarPerm extractEntry package.json
447 silly gunzTarPerm extractEntry package.json
448 silly gunzTarPerm extractEntry .npmignore
449 silly gunzTarPerm extractEntry README.md
450 silly gunzTarPerm extractEntry README.md
451 silly gunzTarPerm extractEntry LICENSE
452 silly gunzTarPerm extractEntry .npmignore
453 silly gunzTarPerm extractEntry README.md
454 silly gunzTarPerm extractEntry LICENSE
455 silly gunzTarPerm extractEntry underscore-min.js
456 silly gunzTarPerm extractEntry bench.js
457 silly gunzTarPerm extractEntry sigmund.js
458 silly gunzTarPerm extractEntry LICENSE
459 silly gunzTarPerm extractEntry CONTRIBUTORS
460 silly gunzTarPerm extractEntry lib/lru-cache.js
461 silly gunzTarPerm extractEntry test/basic.js
462 silly gunzTarPerm extractEntry test/foreach.js
463 silly gunzTarPerm extractEntry test/memory-leak.js
464 silly gunzTarPerm extractEntry underscore.js
465 silly gunzTarPerm extractEntry test/basic.js
466 silly gunzTarPerm extractEntry index.js
467 silly gunzTarPerm extractEntry .travis.yml
468 silly gunzTarPerm extractEntry index.html
469 silly gunzTarPerm extractEntry favicon.ico
470 silly gunzTarPerm extractEntry CONTRIBUTING.md
471 silly gunzTarPerm extractEntry CNAME
472 verbose write writing to /Users/miukki/Sites/ef_app/node_modules/replace/node_modules/minimatch/node_modules/sigmund/package.json
473 info preinstall sigmund@1.0.1
474 verbose readDependencies loading dependencies from /Users/miukki/Sites/ef_app/node_modules/replace/node_modules/minimatch/node_modules/sigmund/package.json
475 verbose readDependencies loading dependencies from /Users/miukki/Sites/ef_app/node_modules/replace/node_modules/minimatch/node_modules/sigmund/package.json
476 silly install resolved []
477 verbose about to build /Users/miukki/Sites/ef_app/node_modules/replace/node_modules/minimatch/node_modules/sigmund
478 info build /Users/miukki/Sites/ef_app/node_modules/replace/node_modules/minimatch/node_modules/sigmund
479 info linkStuff sigmund@1.0.1
480 silly linkStuff sigmund@1.0.1 has /Users/miukki/Sites/ef_app/node_modules/replace/node_modules/minimatch/node_modules as its parent node_modules
481 verbose linkBins sigmund@1.0.1
482 verbose linkMans sigmund@1.0.1
483 verbose rebuildBundles sigmund@1.0.1
484 info install sigmund@1.0.1
485 info postinstall sigmund@1.0.1
486 verbose write writing to /Users/miukki/Sites/ef_app/node_modules/replace/node_modules/minimatch/node_modules/lru-cache/package.json
487 verbose unlock done using /Users/miukki/.npm/_locks/sigmund-c195184450939a90.lock for /Users/miukki/Sites/ef_app/node_modules/replace/node_modules/minimatch/node_modules/sigmund
488 info preinstall lru-cache@2.6.4
489 verbose readDependencies loading dependencies from /Users/miukki/Sites/ef_app/node_modules/replace/node_modules/minimatch/node_modules/lru-cache/package.json
490 verbose readDependencies loading dependencies from /Users/miukki/Sites/ef_app/node_modules/replace/node_modules/minimatch/node_modules/lru-cache/package.json
491 silly install resolved []
492 verbose about to build /Users/miukki/Sites/ef_app/node_modules/replace/node_modules/minimatch/node_modules/lru-cache
493 info build /Users/miukki/Sites/ef_app/node_modules/replace/node_modules/minimatch/node_modules/lru-cache
494 info linkStuff lru-cache@2.6.4
495 silly linkStuff lru-cache@2.6.4 has /Users/miukki/Sites/ef_app/node_modules/replace/node_modules/minimatch/node_modules as its parent node_modules
496 verbose linkBins lru-cache@2.6.4
497 verbose linkMans lru-cache@2.6.4
498 verbose rebuildBundles lru-cache@2.6.4
499 info install lru-cache@2.6.4
500 info postinstall lru-cache@2.6.4
501 verbose unlock done using /Users/miukki/.npm/_locks/lru-cache-3432b9b220e1fb69.lock for /Users/miukki/Sites/ef_app/node_modules/replace/node_modules/minimatch/node_modules/lru-cache
502 verbose about to build /Users/miukki/Sites/ef_app/node_modules/replace/node_modules/minimatch
503 info build /Users/miukki/Sites/ef_app/node_modules/replace/node_modules/minimatch
504 info linkStuff minimatch@0.2.14
505 silly linkStuff minimatch@0.2.14 has /Users/miukki/Sites/ef_app/node_modules/replace/node_modules as its parent node_modules
506 verbose linkBins minimatch@0.2.14
507 verbose linkMans minimatch@0.2.14
508 verbose rebuildBundles minimatch@0.2.14
509 verbose rebuildBundles [ 'lru-cache', 'sigmund' ]
510 info install minimatch@0.2.14
511 info postinstall minimatch@0.2.14
512 verbose unlock done using /Users/miukki/.npm/_locks/minimatch-9b6f288fd95b030c.lock for /Users/miukki/Sites/ef_app/node_modules/replace/node_modules/minimatch
513 verbose write writing to /Users/miukki/Sites/ef_app/node_modules/replace/node_modules/nomnom/node_modules/underscore/package.json
514 info preinstall underscore@1.4.4
515 verbose readDependencies loading dependencies from /Users/miukki/Sites/ef_app/node_modules/replace/node_modules/nomnom/node_modules/underscore/package.json
516 verbose readDependencies loading dependencies from /Users/miukki/Sites/ef_app/node_modules/replace/node_modules/nomnom/node_modules/underscore/package.json
517 silly install resolved []
518 verbose about to build /Users/miukki/Sites/ef_app/node_modules/replace/node_modules/nomnom/node_modules/underscore
519 info build /Users/miukki/Sites/ef_app/node_modules/replace/node_modules/nomnom/node_modules/underscore
520 info linkStuff underscore@1.4.4
521 silly linkStuff underscore@1.4.4 has /Users/miukki/Sites/ef_app/node_modules/replace/node_modules/nomnom/node_modules as its parent node_modules
522 verbose linkBins underscore@1.4.4
523 verbose linkMans underscore@1.4.4
524 verbose rebuildBundles underscore@1.4.4
525 info install underscore@1.4.4
526 info postinstall underscore@1.4.4
527 verbose unlock done using /Users/miukki/.npm/_locks/underscore-12cccee74fdebaa5.lock for /Users/miukki/Sites/ef_app/node_modules/replace/node_modules/nomnom/node_modules/underscore
528 verbose about to build /Users/miukki/Sites/ef_app/node_modules/replace/node_modules/nomnom
529 info build /Users/miukki/Sites/ef_app/node_modules/replace/node_modules/nomnom
530 info linkStuff nomnom@1.6.2
531 silly linkStuff nomnom@1.6.2 has /Users/miukki/Sites/ef_app/node_modules/replace/node_modules as its parent node_modules
532 verbose linkBins nomnom@1.6.2
533 verbose linkMans nomnom@1.6.2
534 verbose rebuildBundles nomnom@1.6.2
535 verbose rebuildBundles [ 'underscore' ]
536 info install nomnom@1.6.2
537 info postinstall nomnom@1.6.2
538 verbose unlock done using /Users/miukki/.npm/_locks/nomnom-6be20873fe9eb285.lock for /Users/miukki/Sites/ef_app/node_modules/replace/node_modules/nomnom
539 verbose about to build /Users/miukki/Sites/ef_app/node_modules/replace
540 info build /Users/miukki/Sites/ef_app/node_modules/replace
541 info linkStuff replace@0.3.0
542 silly linkStuff replace@0.3.0 has /Users/miukki/Sites/ef_app/node_modules as its parent node_modules
543 verbose linkBins replace@0.3.0
544 verbose link bins [ { replace: './bin/replace.js', search: './bin/search.js' },
544 verbose link bins   '/Users/miukki/Sites/ef_app/node_modules/.bin',
544 verbose link bins   false ]
545 verbose linkMans replace@0.3.0
546 verbose rebuildBundles replace@0.3.0
547 verbose rebuildBundles [ 'colors', 'minimatch', 'nomnom' ]
548 silly gentlyRm /Users/miukki/Sites/ef_app/node_modules/.bin/replace is being purged
549 verbose gentlyRm don't care about contents; nuking /Users/miukki/Sites/ef_app/node_modules/.bin/replace
550 silly gentlyRm /Users/miukki/Sites/ef_app/node_modules/.bin/search is being purged
551 verbose gentlyRm don't care about contents; nuking /Users/miukki/Sites/ef_app/node_modules/.bin/search
552 verbose unlock done using /Users/miukki/.npm/_locks/replace-bffc6297367215f5.lock for /Users/miukki/Sites/ef_app/node_modules/replace
553 verbose stack Error: EACCES, symlink '../replace/bin/replace.js'
554 verbose cwd /Users/miukki/Sites/ef_app
555 error Darwin 14.0.0
556 error argv "node" "/usr/local/bin/npm" "install" "--save" "replace"
557 error node v0.10.36
558 error npm  v2.11.0
559 error path ../replace/bin/replace.js
560 error code EACCES
561 error errno 3
562 error Error: EACCES, symlink '../replace/bin/replace.js'
562 error  { [Error: EACCES, symlink '../replace/bin/replace.js'] errno: 3, code: 'EACCES', path: '../replace/bin/replace.js' }
563 error Please try running this command again as root/Administrator.
564 verbose exit [ 3, true ]
565 verbose unbuild node_modules/replace
566 info preuninstall replace@0.3.0
567 info uninstall replace@0.3.0
568 verbose unbuild rmStuff replace@0.3.0 from /Users/miukki/Sites/ef_app/node_modules
569 silly gentlyRm /Users/miukki/Sites/ef_app/node_modules/.bin/replace is being gently removed
570 silly gentlyRm verifying /Users/miukki/Sites/ef_app is an npm working directory
571 silly gentlyRm /Users/miukki/Sites/ef_app/node_modules/.bin/search is being gently removed
572 silly gentlyRm verifying /Users/miukki/Sites/ef_app is an npm working directory
573 silly gentlyRm containing path /Users/miukki/Sites/ef_app is under npm's control, in /Users/miukki/Sites/ef_app
574 silly gentlyRm deletion target /Users/miukki/Sites/ef_app/node_modules/.bin/replace is under /Users/miukki/Sites/ef_app
575 verbose gentlyRm vacuuming from /Users/miukki/Sites/ef_app/node_modules/.bin/replace up to /Users/miukki/Sites/ef_app
576 silly gentlyRm containing path /Users/miukki/Sites/ef_app is under npm's control, in /Users/miukki/Sites/ef_app
577 silly gentlyRm deletion target /Users/miukki/Sites/ef_app/node_modules/.bin/search is under /Users/miukki/Sites/ef_app
578 verbose gentlyRm vacuuming from /Users/miukki/Sites/ef_app/node_modules/.bin/search up to /Users/miukki/Sites/ef_app
579 info postuninstall replace@0.3.0
580 silly gentlyRm /Users/miukki/Sites/ef_app/node_modules/replace is being purged from base /Users/miukki/Sites/ef_app
581 verbose gentlyRm don't care about contents; nuking /Users/miukki/Sites/ef_app/node_modules/replace
582 silly vacuum-fs purging /Users/miukki/Sites/ef_app/node_modules/replace
583 silly vacuum-fs quitting because other entries in /Users/miukki/Sites/ef_app/node_modules
